<?xml version="1.0" encoding="UTF-8"?>
<!-- Generated by org.testng.reporters.JUnitXMLReporter -->
<testsuite ignored="0" hostname="ThinkPad" failures="0" tests="3" name="Test" time="33.237" errors="0" timestamp="2023-08-20T01:41:39 PDT">
  <testcase classname="TestCases.VerifySignUp" name="LoginPage" time="10.047"/>
  <testcase classname="TestCases.VerifyLogin" name="invalidlogin" time="1.923"/>
  <testcase classname="TestCases.VerifyLogin" name="login" time="3.269"/>
</testsuite> <!-- Test -->
